2024-02-25 19:49:14,298 - run_project - INFO - Building Docker container for the Python project...
2024-02-25 19:49:16,188 - run_project - CRITICAL - Failed to build the Docker container. Please check your Dockerfile.
2024-02-25 19:50:17,360 - run_project - INFO - Building Docker container for the Python project...
2024-02-25 19:50:31,794 - run_project - INFO - Running the Python project in a Docker container...
2024-02-25 19:50:32,313 - run_project - CRITICAL - Failed to run the Docker container. Please check if the container's entry point is correctly set up.
2024-02-25 19:52:39,059 - run_project - INFO - Building Docker container for the Python project...
2024-02-25 19:52:39,682 - run_project - INFO - Running the Python project in a Docker container...
2024-02-25 19:53:28,820 - run_project - CRITICAL - Failed to run the Docker container. Please check if the container's entry point is correctly set up.
2024-02-25 19:57:47,351 - run_project - INFO - Building Docker container for the Python project...
2024-02-25 19:57:47,849 - run_project - INFO - Running the Python project in a Docker container...
2024-02-25 19:57:48,303 - run_project - CRITICAL - Failed to run the Docker container. Please check if the container's entry point is correctly set up.
2024-02-25 20:00:29,588 - run_project - INFO - Building Docker container for the Python project...
2024-02-25 20:00:29,932 - run_project - INFO - Running the React Setup
2024-02-25 20:01:28,877 - run_project - INFO - Python project ran successfully in a Docker container.
2024-02-25 20:09:58,025 - run_project - INFO - Building Docker container for the Python project...
2024-02-25 20:09:59,506 - run_project - INFO - Running the React Setup
2024-02-25 20:10:20,664 - run_project - INFO - Python project ran successfully in a Docker container.
2024-02-25 20:17:38,733 - run_project - INFO - Building Docker container for the Python project...
2024-02-25 20:17:39,775 - run_project - INFO - Running the React Setup
2024-02-25 20:18:54,418 - run_project - INFO - Python project ran successfully in a Docker container.
2024-02-25 20:21:43,750 - run_project - INFO - Building Docker container for the Python project...
2024-02-25 20:21:44,099 - run_project - INFO - Running the React Setup
2024-02-25 20:22:52,050 - run_project - INFO - Python project ran successfully in a Docker container.
2024-02-25 20:53:28,770 - run_project - INFO - Building Docker container for the Python project...
2024-02-25 20:53:29,430 - run_project - INFO - Running the React Setup
2024-02-25 20:54:40,351 - run_project - INFO - Python project ran successfully in a Docker container.
2024-02-25 20:58:06,792 - run_project - INFO - Building Docker container for the Python project...
2024-02-25 20:58:07,383 - run_project - INFO - Running the React Setup
2024-02-25 20:59:14,689 - run_project - INFO - Python project ran successfully in a Docker container.
2024-02-25 23:10:15,672 - run_project - INFO - Building Docker container for the Python project...
2024-02-25 23:10:16,491 - run_project - INFO - Running the React Setup
2024-02-25 23:11:14,443 - run_project - INFO - Building Docker container for the Python project...
2024-02-25 23:11:14,840 - run_project - INFO - Running the React Setup
2024-02-25 23:12:41,962 - run_project - INFO - Python project ran successfully in a Docker container.
2024-02-25 23:32:13,765 - run_project - INFO - Building Docker container for the Python project...
2024-02-25 23:32:14,368 - run_project - INFO - Running the React Setup
2024-02-25 23:32:39,421 - run_project - INFO - Building Docker container for the Python project...
2024-02-25 23:32:39,731 - run_project - INFO - Running the React Setup
2024-02-25 23:33:43,875 - run_project - INFO - Python project ran successfully in a Docker container.
2024-02-25 23:47:26,582 - run_project - INFO - Building Docker container for the Python project...
2024-02-25 23:47:27,371 - run_project - INFO - Running the React Setup
2024-02-25 23:48:41,074 - run_project - INFO - Python project ran successfully in a Docker container.
2024-02-26 00:08:00,130 - run_project - INFO - Building Docker container for the Python project...
2024-02-26 00:08:00,737 - run_project - INFO - Running the React Setup
2024-02-26 00:09:01,298 - run_project - INFO - Python project ran successfully in a Docker container.
